2019-12-07 09:20:17.101  INFO 2248 --- [restartedMain] com.cn.wanxi.mall.MallApplication        : Starting MallApplication on PC-20190918DGTC with PID 2248 (D:\tenmall\mall\target\classes started by Administrator in D:\tenmall)
2019-12-07 09:20:17.121  INFO 2248 --- [restartedMain] com.cn.wanxi.mall.MallApplication        : No active profile set, falling back to default profiles: default
2019-12-07 09:20:17.178  INFO 2248 --- [restartedMain] .e.DevToolsPropertyDefaultsPostProcessor : Devtools property defaults active! Set 'spring.devtools.add-properties' to 'false' to disable
2019-12-07 09:20:17.178  INFO 2248 --- [restartedMain] .e.DevToolsPropertyDefaultsPostProcessor : For additional web related logging consider setting the 'logging.level.web' property to 'DEBUG'
2019-12-07 09:20:18.285  INFO 2248 --- [restartedMain] .s.d.r.c.RepositoryConfigurationDelegate : Multiple Spring Data modules found, entering strict repository configuration mode!
2019-12-07 09:20:18.288  INFO 2248 --- [restartedMain] .s.d.r.c.RepositoryConfigurationDelegate : Bootstrapping Spring Data repositories in DEFAULT mode.
2019-12-07 09:20:18.331  INFO 2248 --- [restartedMain] .s.d.r.c.RepositoryConfigurationDelegate : Finished Spring Data repository scanning in 27ms. Found 0 repository interfaces.
2019-12-07 09:20:18.505  INFO 2248 --- [restartedMain] o.s.c.a.ConfigurationClassPostProcessor  : Cannot enhance @Configuration bean definition 'mapperScannerConfig' since its singleton instance has been created too early. The typical cause is a non-static @Bean method with a BeanDefinitionRegistryPostProcessor return type: Consider declaring such methods as 'static'.
2019-12-07 09:20:18.726  INFO 2248 --- [restartedMain] trationDelegate$BeanPostProcessorChecker : Bean 'org.springframework.transaction.annotation.ProxyTransactionManagementConfiguration' of type [org.springframework.transaction.annotation.ProxyTransactionManagementConfiguration] is not eligible for getting processed by all BeanPostProcessors (for example: not eligible for auto-proxying)
2019-12-07 09:20:19.108  INFO 2248 --- [restartedMain] o.s.b.w.embedded.tomcat.TomcatWebServer  : Tomcat initialized with port(s): 8227 (http)
2019-12-07 09:20:19.120  INFO 2248 --- [restartedMain] o.apache.catalina.core.StandardService   : Starting service [Tomcat]
2019-12-07 09:20:19.121  INFO 2248 --- [restartedMain] org.apache.catalina.core.StandardEngine  : Starting Servlet engine: [Apache Tomcat/9.0.27]
2019-12-07 09:20:19.246  INFO 2248 --- [restartedMain] o.a.c.c.C.[Tomcat].[localhost].[/]       : Initializing Spring embedded WebApplicationContext
2019-12-07 09:20:19.246  INFO 2248 --- [restartedMain] o.s.web.context.ContextLoader            : Root WebApplicationContext: initialization completed in 2068 ms
2019-12-07 09:20:19.816  INFO 2248 --- [restartedMain] com.alibaba.druid.pool.DruidDataSource   : {dataSource-1} inited
2019-12-07 09:20:21.047  INFO 2248 --- [restartedMain] o.s.s.concurrent.ThreadPoolTaskExecutor  : Initializing ExecutorService 'applicationTaskExecutor'
2019-12-07 09:20:21.714  INFO 2248 --- [restartedMain] org.quartz.impl.StdSchedulerFactory      : Using default implementation for ThreadExecutor
2019-12-07 09:20:21.728  INFO 2248 --- [restartedMain] org.quartz.core.SchedulerSignalerImpl    : Initialized Scheduler Signaller of type: class org.quartz.core.SchedulerSignalerImpl
2019-12-07 09:20:21.729  INFO 2248 --- [restartedMain] org.quartz.core.QuartzScheduler          : Quartz Scheduler v.2.3.2 created.
2019-12-07 09:20:21.731  INFO 2248 --- [restartedMain] org.quartz.simpl.RAMJobStore             : RAMJobStore initialized.
2019-12-07 09:20:21.732  INFO 2248 --- [restartedMain] org.quartz.core.QuartzScheduler          : Scheduler meta-data: Quartz Scheduler (v2.3.2) 'quartzScheduler' with instanceId 'NON_CLUSTERED'
  Scheduler class: 'org.quartz.core.QuartzScheduler' - running locally.
  NOT STARTED.
  Currently in standby mode.
  Number of jobs executed: 0
  Using thread pool 'org.quartz.simpl.SimpleThreadPool' - with 10 threads.
  Using job-store 'org.quartz.simpl.RAMJobStore' - which does not support persistence. and is not clustered.

2019-12-07 09:20:21.733  INFO 2248 --- [restartedMain] org.quartz.impl.StdSchedulerFactory      : Quartz scheduler 'quartzScheduler' initialized from an externally provided properties instance.
2019-12-07 09:20:21.733  INFO 2248 --- [restartedMain] org.quartz.impl.StdSchedulerFactory      : Quartz scheduler version: 2.3.2
2019-12-07 09:20:21.733  INFO 2248 --- [restartedMain] org.quartz.core.QuartzScheduler          : JobFactory set to: org.springframework.scheduling.quartz.SpringBeanJobFactory@3dabd757
2019-12-07 09:20:21.790  INFO 2248 --- [restartedMain] o.s.b.d.a.OptionalLiveReloadServer       : LiveReload server is running on port 35729
2019-12-07 09:20:21.894  INFO 2248 --- [restartedMain] o.s.s.quartz.SchedulerFactoryBean        : Starting Quartz Scheduler now
2019-12-07 09:20:21.894  INFO 2248 --- [restartedMain] org.quartz.core.QuartzScheduler          : Scheduler quartzScheduler_$_NON_CLUSTERED started.
2019-12-07 09:20:21.950  INFO 2248 --- [restartedMain] o.s.b.w.embedded.tomcat.TomcatWebServer  : Tomcat started on port(s): 8227 (http) with context path ''
2019-12-07 09:20:21.955  INFO 2248 --- [restartedMain] com.cn.wanxi.mall.MallApplication        : Started MallApplication in 5.432 seconds (JVM running for 8.055)
2019-12-07 09:21:16.495  INFO 2248 --- [http-nio-8227-exec-1] o.a.c.c.C.[Tomcat].[localhost].[/]       : Initializing Spring DispatcherServlet 'dispatcherServlet'
2019-12-07 09:21:16.497  INFO 2248 --- [http-nio-8227-exec-1] o.s.web.servlet.DispatcherServlet        : Initializing Servlet 'dispatcherServlet'
2019-12-07 09:21:16.506  INFO 2248 --- [http-nio-8227-exec-1] o.s.web.servlet.DispatcherServlet        : Completed initialization in 8 ms
